Flow report for ZoomDigital
Fri Oct 03 22:06:14 2025
Quartus Prime Version 20.1.0 Build 711 06/05/2020 SJ Lite Edition


---------------------
; Table of Contents ;
---------------------
  1. Legal Notice
  2. Flow Summary
  3. Flow Settings
  4. Flow Non-Default Global Settings
  5. Flow Elapsed Time
  6. Flow OS Summary
  7. Flow Log
  8. Flow Messages
  9. Flow Suppressed Messages



----------------
; Legal Notice ;
----------------
Copyright (C) 2020  Intel Corporation. All rights reserved.
Your use of Intel Corporation's design tools, logic functions 
and other software and tools, and any partner logic 
functions, and any output files from any of the foregoing 
(including device programming or simulation files), and any 
associated documentation or information are expressly subject 
to the terms and conditions of the Intel Program License 
Subscription Agreement, the Intel Quartus Prime License Agreement,
the Intel FPGA IP License Agreement, or other applicable license
agreement, including, without limitation, that your use is for
the sole purpose of programming logic devices manufactured by
Intel and sold by Intel or its authorized distributors.  Please
refer to the applicable agreement for further details, at
https://fpgasoftware.intel.com/eula.



+-------------------------------------------------------------------------------+
; Flow Summary                                                                  ;
+---------------------------------+---------------------------------------------+
; Flow Status                     ; Successful - Fri Oct 03 22:06:05 2025       ;
; Quartus Prime Version           ; 20.1.0 Build 711 06/05/2020 SJ Lite Edition ;
; Revision Name                   ; ZoomDigital                                 ;
; Top-level Entity Name           ; control_unit                                ;
; Family                          ; Cyclone V                                   ;
; Device                          ; 5CSEMA5F31C6                                ;
; Timing Models                   ; Final                                       ;
; Logic utilization (in ALMs)     ; 1,169 / 32,070 ( 4 % )                      ;
; Total registers                 ; 661                                         ;
; Total pins                      ; 34 / 457 ( 7 % )                            ;
; Total virtual pins              ; 0                                           ;
; Total block memory bits         ; 1,228,800 / 4,065,280 ( 30 % )              ;
; Total DSP Blocks                ; 0 / 87 ( 0 % )                              ;
; Total HSSI RX PCSs              ; 0                                           ;
; Total HSSI PMA RX Deserializers ; 0                                           ;
; Total HSSI TX PCSs              ; 0                                           ;
; Total HSSI PMA TX Serializers   ; 0                                           ;
; Total PLLs                      ; 1 / 6 ( 17 % )                              ;
; Total DLLs                      ; 0 / 4 ( 0 % )                               ;
+---------------------------------+---------------------------------------------+


+-----------------------------------------+
; Flow Settings                           ;
+-------------------+---------------------+
; Option            ; Setting             ;
+-------------------+---------------------+
; Start date & time ; 10/03/2025 22:04:15 ;
; Main task         ; Compilation         ;
; Revision Name     ; ZoomDigital         ;
+-------------------+---------------------+


+--------------------------------------------------------------------------------------------------------------------------+
; Flow Non-Default Global Settings                                                                                         ;
+-------------------------------------+----------------------------------------+---------------+--------------+------------+
; Assignment Name                     ; Value                                  ; Default Value ; Entity Name  ; Section Id ;
+-------------------------------------+----------------------------------------+---------------+--------------+------------+
; COMPILER_SIGNATURE_ID               ; 2544751332399.175953985514128          ; --            ; --           ; --         ;
; MAX_CORE_JUNCTION_TEMP              ; 85                                     ; --            ; --           ; --         ;
; MIN_CORE_JUNCTION_TEMP              ; 0                                      ; --            ; --           ; --         ;
; MISC_FILE                           ; clock_75MHz.cmp                        ; --            ; --           ; --         ;
; MISC_FILE                           ; clock_75MHz_sim/clock_75MHz.vo         ; --            ; --           ; --         ;
; MISC_FILE                           ; primary_memory_bb.v                    ; --            ; --           ; --         ;
; MISC_FILE                           ; secondary_memory_bb.v                  ; --            ; --           ; --         ;
; PARTITION_COLOR                     ; -- (Not supported for targeted family) ; --            ; control_unit ; Top        ;
; PARTITION_FITTER_PRESERVATION_LEVEL ; -- (Not supported for targeted family) ; --            ; control_unit ; Top        ;
; PARTITION_NETLIST_TYPE              ; -- (Not supported for targeted family) ; --            ; control_unit ; Top        ;
; PROJECT_OUTPUT_DIRECTORY            ; output_files                           ; --            ; --           ; --         ;
; SPD_FILE                            ; clock_75MHz.spd                        ; --            ; --           ; --         ;
; SYNTHESIS_ONLY_QIP                  ; On                                     ; --            ; --           ; --         ;
; TOP_LEVEL_ENTITY                    ; control_unit                           ; ZoomDigital   ; --           ; --         ;
+-------------------------------------+----------------------------------------+---------------+--------------+------------+


+--------------------------------------------------------------------------------------------------------------------------+
; Flow Elapsed Time                                                                                                        ;
+----------------------+--------------+-------------------------+---------------------+------------------------------------+
; Module Name          ; Elapsed Time ; Average Processors Used ; Peak Virtual Memory ; Total CPU Time (on all processors) ;
+----------------------+--------------+-------------------------+---------------------+------------------------------------+
; Analysis & Synthesis ; 00:00:24     ; 1.0                     ; 4989 MB             ; 00:00:43                           ;
; Fitter               ; 00:01:15     ; 1.3                     ; 7986 MB             ; 00:05:15                           ;
; Assembler            ; 00:00:06     ; 1.0                     ; 4888 MB             ; 00:00:07                           ;
; Timing Analyzer      ; 00:00:08     ; 3.6                     ; 5400 MB             ; 00:00:19                           ;
; Total                ; 00:01:53     ; --                      ; --                  ; 00:06:24                           ;
+----------------------+--------------+-------------------------+---------------------+------------------------------------+


+------------------------------------------------------------------------------------+
; Flow OS Summary                                                                    ;
+----------------------+------------------+------------+------------+----------------+
; Module Name          ; Machine Hostname ; OS Name    ; OS Version ; Processor type ;
+----------------------+------------------+------------+------------+----------------+
; Analysis & Synthesis ; TheLegend        ; Windows 10 ; 10.0       ; x86_64         ;
; Fitter               ; TheLegend        ; Windows 10 ; 10.0       ; x86_64         ;
; Assembler            ; TheLegend        ; Windows 10 ; 10.0       ; x86_64         ;
; Timing Analyzer      ; TheLegend        ; Windows 10 ; 10.0       ; x86_64         ;
+----------------------+------------------+------------+------------+----------------+


------------
; Flow Log ;
------------
quartus_map --read_settings_files=on --write_settings_files=off ZoomDigital -c ZoomDigital
quartus_fit --read_settings_files=off --write_settings_files=off ZoomDigital -c ZoomDigital
quartus_asm --read_settings_files=off --write_settings_files=off ZoomDigital -c ZoomDigital
quartus_sta ZoomDigital -c ZoomDigital



